<?xml version="1.0" encoding="UTF-8"?>
<!-- Generated by org.testng.reporters.JUnitXMLReporter -->
<testsuite ignored="0" hostname="LTIN508310" failures="0" tests="7" name="ChromeTest" time="176.945" errors="0" timestamp="2024-11-11T14:23:16 IST">
  <testcase classname="Test.Testng" name="HomePagesearch" time="71.669"/>
  <testcase classname="Test.Testng" name="searchResults" time="1.045"/>
  <testcase classname="Test.Testng" name="deSelect" time="0.008"/>
  <testcase classname="Test.Testng" name="languagesandLevels" time="4.178"/>
  <testcase classname="Test.Testng" name="Navigate" time="61.845"/>
  <testcase classname="Test.Testng" name="form" time="0.028"/>
  <testcase classname="Test.Testng" name="form" time="8.057"/>
</testsuite> <!-- ChromeTest -->
