<?xml version="1.0" encoding="UTF-8"?>
<!-- Generated by org.testng.reporters.JUnitXMLReporter -->
<testsuite ignored="0" hostname="LTIN280922" failures="0" tests="6" name="Test" time="128.844" errors="0" timestamp="2024-05-02T19:03:40 IST">
  <testcase classname="IdentifyCourses.Testng" name="HomePagesearch" time="12.861"/>
  <testcase classname="IdentifyCourses.Testng" name="searchResults" time="8.577"/>
  <testcase classname="IdentifyCourses.Testng" name="deSelect" time="1.124"/>
  <testcase classname="IdentifyCourses.Testng" name="languagesandLevels" time="31.368"/>
  <testcase classname="IdentifyCourses.Testng" name="Navigate" time="22.477"/>
  <testcase classname="IdentifyCourses.Testng" name="form" time="21.27"/>
</testsuite> <!-- Test -->
