<?xml version="1.0" encoding="UTF-8"?>
<testng-results ignored="0" total="7" passed="7" failed="0" skipped="0">
  <reporter-output>
  </reporter-output>
  <suite started-at="2024-11-11T14:20:19 IST" name="Suite" finished-at="2024-11-11T14:23:16 IST" duration-ms="176945">
    <groups>
    </groups>
    <test started-at="2024-11-11T14:20:19 IST" name="ChromeTest" finished-at="2024-11-11T14:23:16 IST" duration-ms="176945">
      <class name="Test.Testng">
        <test-method is-config="true" signature="URL(java.lang.String)[pri:0, instance:Test.Testng@42f8285e]" started-at="2024-11-11T14:20:19 IST" name="URL" finished-at="2024-11-11T14:20:48 IST" duration-ms="29018" status="PASS">
          <params>
            <param index="0">
              <value>
                <![CDATA[chrome]]>
              </value>
            </param>
          </params>
          <reporter-output>
          </reporter-output>
        </test-method> <!-- URL -->
        <test-method signature="HomePagesearch()[pri:1, instance:Test.Testng@42f8285e]" started-at="2024-11-11T14:20:48 IST" name="HomePagesearch" finished-at="2024-11-11T14:22:00 IST" duration-ms="71669" status="PASS">
          <reporter-output>
          </reporter-output>
        </test-method> <!-- HomePagesearch -->
        <test-method signature="searchResults()[pri:2, instance:Test.Testng@42f8285e]" started-at="2024-11-11T14:22:00 IST" name="searchResults" finished-at="2024-11-11T14:22:01 IST" depends-on-methods="Test.Testng.HomePagesearch" duration-ms="1045" status="PASS">
          <reporter-output>
          </reporter-output>
        </test-method> <!-- searchResults -->
        <test-method signature="deSelect()[pri:3, instance:Test.Testng@42f8285e]" started-at="2024-11-11T14:22:01 IST" name="deSelect" finished-at="2024-11-11T14:22:01 IST" duration-ms="8" status="PASS">
          <reporter-output>
          </reporter-output>
        </test-method> <!-- deSelect -->
        <test-method signature="languagesandLevels()[pri:4, instance:Test.Testng@42f8285e]" started-at="2024-11-11T14:22:01 IST" name="languagesandLevels" finished-at="2024-11-11T14:22:05 IST" depends-on-methods="Test.Testng.searchResults, Test.Testng.HomePagesearch" duration-ms="4178" status="PASS">
          <reporter-output>
          </reporter-output>
        </test-method> <!-- languagesandLevels -->
        <test-method signature="Navigate()[pri:5, instance:Test.Testng@42f8285e]" started-at="2024-11-11T14:22:05 IST" name="Navigate" finished-at="2024-11-11T14:23:07 IST" duration-ms="61845" status="PASS">
          <reporter-output>
          </reporter-output>
        </test-method> <!-- Navigate -->
        <test-method signature="form(java.lang.String,java.lang.String,java.lang.String,java.lang.String,java.lang.String,java.lang.String,java.lang.String,java.lang.String,java.lang.String,java.lang.String,java.lang.String)[pri:6, instance:Test.Testng@42f8285e]" started-at="2024-11-11T14:23:08 IST" name="form" data-provider="formdetails" finished-at="2024-11-11T14:23:08 IST" duration-ms="28" status="PASS">
          <params>
            <param index="0">
              <value is-null="true"/>
            </param>
            <param index="1">
              <value is-null="true"/>
            </param>
            <param index="2">
              <value is-null="true"/>
            </param>
            <param index="3">
              <value is-null="true"/>
            </param>
            <param index="4">
              <value is-null="true"/>
            </param>
            <param index="5">
              <value is-null="true"/>
            </param>
            <param index="6">
              <value is-null="true"/>
            </param>
            <param index="7">
              <value is-null="true"/>
            </param>
            <param index="8">
              <value is-null="true"/>
            </param>
            <param index="9">
              <value is-null="true"/>
            </param>
            <param index="10">
              <value is-null="true"/>
            </param>
          </params>
          <reporter-output>
          </reporter-output>
        </test-method> <!-- form -->
        <test-method signature="form(java.lang.String,java.lang.String,java.lang.String,java.lang.String,java.lang.String,java.lang.String,java.lang.String,java.lang.String,java.lang.String,java.lang.String,java.lang.String)[pri:6, instance:Test.Testng@42f8285e]" started-at="2024-11-11T14:23:08 IST" name="form" data-provider="formdetails" finished-at="2024-11-11T14:23:16 IST" duration-ms="8057" status="PASS">
          <params>
            <param index="0">
              <value>
                <![CDATA[Chennaiah]]>
              </value>
            </param>
            <param index="1">
              <value>
                <![CDATA[Vanka]]>
              </value>
            </param>
            <param index="2">
              <value>
                <![CDATA[abc123s@gmail.com]]>
              </value>
            </param>
            <param index="3">
              <value>
                <![CDATA[7038474756]]>
              </value>
            </param>
            <param index="4">
              <value>
                <![CDATA[2 Year College]]>
              </value>
            </param>
            <param index="5">
              <value>
                <![CDATA[MITS]]>
              </value>
            </param>
            <param index="6">
              <value>
                <![CDATA[Vice-President/Vice-Provost]]>
              </value>
            </param>
            <param index="7">
              <value>
                <![CDATA[Career Services]]>
              </value>
            </param>
            <param index="8">
              <value>
                <![CDATA[Courses for myself]]>
              </value>
            </param>
            <param index="9">
              <value>
                <![CDATA[India]]>
              </value>
            </param>
            <param index="10">
              <value>
                <![CDATA[Andhra Pradesh]]>
              </value>
            </param>
          </params>
          <reporter-output>
          </reporter-output>
        </test-method> <!-- form -->
        <test-method is-config="true" signature="close()[pri:0, instance:Test.Testng@42f8285e]" started-at="2024-11-11T14:23:16 IST" name="close" finished-at="2024-11-11T14:23:16 IST" duration-ms="1" status="PASS">
          <reporter-output>
          </reporter-output>
        </test-method> <!-- close -->
      </class> <!-- Test.Testng -->
    </test> <!-- ChromeTest -->
  </suite> <!-- Suite -->
</testng-results>
